[2020-04-01 23:30:40.847] [exthost] [info] extension host started
[2020-04-01 23:30:40.923] [exthost] [info] ExtensionService#_doActivateExtension vscode.debug-auto-launch {"startup":true,"extensionId":{"value":"vscode.debug-auto-launch","_lower":"vscode.debug-auto-launch"},"activationEvent":"*"}
[2020-04-01 23:30:40.924] [exthost] [info] ExtensionService#loadCommonJSModule file:///snap/code/28/usr/share/code/resources/app/extensions/debug-auto-launch/dist/extension
[2020-04-01 23:30:40.930] [exthost] [info] ExtensionService#_doActivateExtension vscode.emmet {"startup":true,"extensionId":{"value":"vscode.emmet","_lower":"vscode.emmet"},"activationEvent":"*"}
[2020-04-01 23:30:40.930] [exthost] [info] ExtensionService#loadCommonJSModule file:///snap/code/28/usr/share/code/resources/app/extensions/emmet/dist/extension
[2020-04-01 23:30:40.951] [exthost] [info] ExtensionService#_doActivateExtension vscode.git {"startup":true,"extensionId":{"value":"vscode.git","_lower":"vscode.git"},"activationEvent":"*"}
[2020-04-01 23:30:40.951] [exthost] [info] ExtensionService#loadCommonJSModule file:///snap/code/28/usr/share/code/resources/app/extensions/git/dist/main
[2020-04-01 23:30:40.993] [exthost] [info] ExtensionService#_doActivateExtension vscode.github-authentication {"startup":true,"extensionId":{"value":"vscode.github-authentication","_lower":"vscode.github-authentication"},"activationEvent":"*"}
[2020-04-01 23:30:40.993] [exthost] [info] ExtensionService#loadCommonJSModule file:///snap/code/28/usr/share/code/resources/app/extensions/github-authentication/dist/extension.js
[2020-04-01 23:30:40.995] [exthost] [info] ExtensionService#_doActivateExtension vscode.merge-conflict {"startup":true,"extensionId":{"value":"vscode.merge-conflict","_lower":"vscode.merge-conflict"},"activationEvent":"*"}
[2020-04-01 23:30:40.995] [exthost] [info] ExtensionService#loadCommonJSModule file:///snap/code/28/usr/share/code/resources/app/extensions/merge-conflict/dist/extension
[2020-04-01 23:30:40.998] [exthost] [info] ExtensionService#_doActivateExtension vscode.search-result {"startup":true,"extensionId":{"value":"vscode.search-result","_lower":"vscode.search-result"},"activationEvent":"*"}
[2020-04-01 23:30:40.998] [exthost] [info] ExtensionService#loadCommonJSModule file:///snap/code/28/usr/share/code/resources/app/extensions/search-result/dist/extension.js
[2020-04-01 23:30:40.999] [exthost] [info] ExtensionService#_doActivateExtension vscode.vscode-account {"startup":true,"extensionId":{"value":"vscode.vscode-account","_lower":"vscode.vscode-account"},"activationEvent":"*"}
[2020-04-01 23:30:40.999] [exthost] [info] ExtensionService#loadCommonJSModule file:///snap/code/28/usr/share/code/resources/app/extensions/vscode-account/dist/extension.js
[2020-04-01 23:30:41.002] [exthost] [info] ExtensionService#_doActivateExtension PKief.material-icon-theme {"startup":true,"extensionId":{"value":"PKief.material-icon-theme","_lower":"pkief.material-icon-theme"},"activationEvent":"*"}
[2020-04-01 23:30:41.003] [exthost] [info] ExtensionService#loadCommonJSModule file:///root/.vscode/extensions/pkief.material-icon-theme-4.0.1/dist/extension
[2020-04-01 23:30:41.020] [exthost] [info] eager extensions activated
[2020-04-01 23:30:52.835] [exthost] [info] ExtensionService#_doActivateExtension vscode.configuration-editing {"startup":false,"extensionId":{"value":"vscode.configuration-editing","_lower":"vscode.configuration-editing"},"activationEvent":"onLanguage:jsonc"}
[2020-04-01 23:30:52.835] [exthost] [info] ExtensionService#loadCommonJSModule file:///snap/code/28/usr/share/code/resources/app/extensions/configuration-editing/dist/extension
[2020-04-01 23:30:52.841] [exthost] [info] ExtensionService#_doActivateExtension vscode.json-language-features {"startup":false,"extensionId":{"value":"vscode.json-language-features","_lower":"vscode.json-language-features"},"activationEvent":"onLanguage:jsonc"}
[2020-04-01 23:30:52.841] [exthost] [info] ExtensionService#loadCommonJSModule file:///snap/code/28/usr/share/code/resources/app/extensions/json-language-features/client/dist/jsonMain
[2020-04-01 23:30:52.873] [exthost] [info] ExtensionService#_doActivateExtension vscode.typescript-language-features {"startup":false,"extensionId":{"value":"vscode.typescript-language-features","_lower":"vscode.typescript-language-features"},"activationEvent":"onLanguage:jsonc"}
[2020-04-01 23:30:52.873] [exthost] [info] ExtensionService#loadCommonJSModule file:///snap/code/28/usr/share/code/resources/app/extensions/typescript-language-features/dist/extension
